<?xml version="1.0" encoding="UTF-8"?>
<testng-results ignored="0" total="1" passed="1" failed="0" skipped="0">
  <reporter-output>
  </reporter-output>
  <suite started-at="2024-10-23T12:46:38 CEST" name="login" finished-at="2024-10-23T12:47:03 CEST" duration-ms="25852">
    <groups>
    </groups>
    <test started-at="2024-10-23T12:46:38 CEST" name="login" finished-at="2024-10-23T12:47:03 CEST" duration-ms="25852">
      <class name="demoqa.book_store.LoginTests">
        <test-method is-config="true" signature="setUp()[pri:0, instance:demoqa.book_store.LoginTests@67080771]" started-at="2024-10-23T12:46:38 CEST" name="setUp" finished-at="2024-10-23T12:46:56 CEST" duration-ms="18589" status="PASS">
          <reporter-output>
          </reporter-output>
        </test-method> <!-- setUp -->
        <test-method is-config="true" signature="precondition()[pri:0, instance:demoqa.book_store.LoginTests@67080771]" started-at="2024-10-23T12:46:56 CEST" name="precondition" finished-at="2024-10-23T12:47:01 CEST" duration-ms="4568" status="PASS">
          <reporter-output>
          </reporter-output>
        </test-method> <!-- precondition -->
        <test-method signature="loginPositiveTest()[pri:0, instance:demoqa.book_store.LoginTests@67080771]" started-at="2024-10-23T12:47:01 CEST" name="loginPositiveTest" finished-at="2024-10-23T12:47:03 CEST" duration-ms="2482" status="PASS">
          <reporter-output>
          </reporter-output>
        </test-method> <!-- loginPositiveTest -->
      </class> <!-- demoqa.book_store.LoginTests -->
    </test> <!-- login -->
  </suite> <!-- login -->
</testng-results>
